yarn run v1.5.1
$ rollup -c

src/index.js → lib/index.js...
[!] Error: Could not resolve 'rollupPluginBabelHelpers' from /Users/minhnguyen/Development/rollup/rollup-plugin-babel-null-convention/src/index.js
Error: Could not resolve 'rollupPluginBabelHelpers' from /Users/minhnguyen/Development/rollup/rollup-plugin-babel-null-convention/src/index.js
    at /Users/minhnguyen/Development/rollup/rollup-plugin-babel-null-convention/node_modules/rollup-plugin-node-resolve/dist/rollup-plugin-node-resolve.cjs.js:85:23
    at /Users/minhnguyen/Development/rollup/rollup-plugin-babel-null-convention/node_modules/resolve/lib/async.js:50:13
    at processDirs (/Users/minhnguyen/Development/rollup/rollup-plugin-babel-null-convention/node_modules/resolve/lib/async.js:182:39)
    at ondir (/Users/minhnguyen/Development/rollup/rollup-plugin-babel-null-convention/node_modules/resolve/lib/async.js:197:13)
    at load (/Users/minhnguyen/Development/rollup/rollup-plugin-babel-null-convention/node_modules/resolve/lib/async.js:80:43)
    at onex (/Users/minhnguyen/Development/rollup/rollup-plugin-babel-null-convention/node_modules/resolve/lib/async.js:105:17)
    at /Users/minhnguyen/Development/rollup/rollup-plugin-babel-null-convention/node_modules/resolve/lib/async.js:26:73
    at FSReqWrap.oncomplete (fs.js:152:21)

error An unexpected error occurred: "Command failed.
Exit code: 1
Command: sh
Arguments: -c rollup -c
Directory: /Users/minhnguyen/Development/rollup/rollup-plugin-babel-null-convention
Output:
".
info If you think this is a bug, please open a bug report with the information provided in "/Users/minhnguyen/Development/rollup/rollup-plugin-babel-null-convention/yarn-error.log".
info Visit https://yarnpkg.com/en/docs/cli/run for documentation about this command.
